<?xml version="1.0" encoding="UTF-8"?>
<!-- Generated by org.testng.reporters.JUnitReportReporter -->
<testsuite skipped="0" hostname="Nacers-MacBook-Pro.local" name="menu.TestDropBoxMenu" tests="1" failures="0" timestamp="17 May 2018 20:36:00 GMT" time="16.625" errors="0">
  <testcase name="menu" time="16.625" classname="menu.TestDropBoxMenu"/>
</testsuite> <!-- menu.TestDropBoxMenu -->
