<?xml version="1.0" encoding="UTF-8"?>
<!-- Generated by org.testng.reporters.JUnitReportReporter -->
<testsuite skipped="0" hostname="Nacers-MacBook-Pro.local" name="search.TestLandingPage" tests="1" failures="0" timestamp="11 May 2018 15:21:02 GMT" time="12.388" errors="0">
  <testcase name="test" time="12.388" classname="search.TestLandingPage"/>
</testsuite> <!-- search.TestLandingPage -->
