<?xml version="1.0" encoding="UTF-8"?>
<!-- Generated by org.testng.reporters.JUnitReportReporter -->
<testsuite skipped="0" hostname="Nacers-MacBook-Pro.local" name="menu.TestDropBoxMenu" tests="1" failures="0" timestamp="11 May 2018 03:26:55 GMT" time="28.153" errors="0">
  <testcase name="menu" time="28.153" classname="menu.TestDropBoxMenu"/>
</testsuite> <!-- menu.TestDropBoxMenu -->
