<?xml version="1.0" encoding="UTF-8"?>
<testsuite xmlns:xsi="http://www.w3.org/2001/XMLSchema-instance" xsi:noNamespaceSchemaLocation="https://maven.apache.org/surefire/maven-surefire-plugin/xsd/surefire-test-report.xsd" name="TestSuite" time="29.226" tests="5" errors="0" skipped="0" failures="0">
  <properties>
    <property name="gopherProxySet" value="false"/>
    <property name="awt.toolkit" value="sun.lwawt.macosx.LWCToolkit"/>
    <property name="file.encoding.pkg" value="sun.io"/>
    <property name="java.specification.version" value="1.8"/>
    <property name="sun.cpu.isalist" value=""/>
    <property name="sun.jnu.encoding" value="UTF-8"/>
    <property name="java.class.path" value="/Users/nacer-zimu/IdeaProjects/UltimateWebAutomationFramework/HBO/target/test-classes:/Users/nacer-zimu/IdeaProjects/UltimateWebAutomationFramework/HBO/target/classes:/Users/nacer-zimu/IdeaProjects/UltimateWebAutomationFramework/Generic/target/Generic-1.0-SNAPSHOT.jar:/Users/nacer-zimu/.m2/repository/org/seleniumhq/selenium/selenium-java/3.11.0/selenium-java-3.11.0.jar:/Users/nacer-zimu/.m2/repository/org/seleniumhq/selenium/selenium-api/3.11.0/selenium-api-3.11.0.jar:/Users/nacer-zimu/.m2/repository/org/seleniumhq/selenium/selenium-chrome-driver/3.11.0/selenium-chrome-driver-3.11.0.jar:/Users/nacer-zimu/.m2/repository/org/seleniumhq/selenium/selenium-edge-driver/3.11.0/selenium-edge-driver-3.11.0.jar:/Users/nacer-zimu/.m2/repository/org/seleniumhq/selenium/selenium-firefox-driver/3.11.0/selenium-firefox-driver-3.11.0.jar:/Users/nacer-zimu/.m2/repository/org/seleniumhq/selenium/selenium-ie-driver/3.11.0/selenium-ie-driver-3.11.0.jar:/Users/nacer-zimu/.m2/repository/org/seleniumhq/selenium/selenium-opera-driver/3.11.0/selenium-opera-driver-3.11.0.jar:/Users/nacer-zimu/.m2/repository/org/seleniumhq/selenium/selenium-remote-driver/3.11.0/selenium-remote-driver-3.11.0.jar:/Users/nacer-zimu/.m2/repository/org/seleniumhq/selenium/selenium-safari-driver/3.11.0/selenium-safari-driver-3.11.0.jar:/Users/nacer-zimu/.m2/repository/org/seleniumhq/selenium/selenium-support/3.11.0/selenium-support-3.11.0.jar:/Users/nacer-zimu/.m2/repository/net/bytebuddy/byte-buddy/1.7.9/byte-buddy-1.7.9.jar:/Users/nacer-zimu/.m2/repository/org/apache/commons/commons-exec/1.3/commons-exec-1.3.jar:/Users/nacer-zimu/.m2/repository/commons-codec/commons-codec/1.10/commons-codec-1.10.jar:/Users/nacer-zimu/.m2/repository/commons-logging/commons-logging/1.2/commons-logging-1.2.jar:/Users/nacer-zimu/.m2/repository/com/google/code/gson/gson/2.8.2/gson-2.8.2.jar:/Users/nacer-zimu/.m2/repository/com/google/guava/guava/23.6-jre/guava-23.6-jre.jar:/Users/nacer-zimu/.m2/repository/com/google/code/findbugs/jsr305/1.3.9/jsr305-1.3.9.jar:/Users/nacer-zimu/.m2/repository/org/checkerframework/checker-compat-qual/2.0.0/checker-compat-qual-2.0.0.jar:/Users/nacer-zimu/.m2/repository/com/google/errorprone/error_prone_annotations/2.1.3/error_prone_annotations-2.1.3.jar:/Users/nacer-zimu/.m2/repository/com/google/j2objc/j2objc-annotations/1.1/j2objc-annotations-1.1.jar:/Users/nacer-zimu/.m2/repository/org/codehaus/mojo/animal-sniffer-annotations/1.14/animal-sniffer-annotations-1.14.jar:/Users/nacer-zimu/.m2/repository/org/apache/httpcomponents/httpclient/4.5.3/httpclient-4.5.3.jar:/Users/nacer-zimu/.m2/repository/org/apache/httpcomponents/httpcore/4.4.6/httpcore-4.4.6.jar:/Users/nacer-zimu/.m2/repository/com/squareup/okhttp3/okhttp/3.9.1/okhttp-3.9.1.jar:/Users/nacer-zimu/.m2/repository/com/squareup/okio/okio/1.13.0/okio-1.13.0.jar:/Users/nacer-zimu/.m2/repository/org/seleniumhq/selenium/selenium-server/3.11.0/selenium-server-3.11.0.jar:/Users/nacer-zimu/.m2/repository/com/beust/jcommander/1.72/jcommander-1.72.jar:/Users/nacer-zimu/.m2/repository/org/apache/commons/commons-lang3/3.7/commons-lang3-3.7.jar:/Users/nacer-zimu/.m2/repository/org/apache/commons/commons-text/1.1/commons-text-1.1.jar:/Users/nacer-zimu/.m2/repository/commons-io/commons-io/2.6/commons-io-2.6.jar:/Users/nacer-zimu/.m2/repository/commons-net/commons-net/3.6/commons-net-3.6.jar:/Users/nacer-zimu/.m2/repository/org/w3c/css/sac/1.3/sac-1.3.jar:/Users/nacer-zimu/.m2/repository/net/sourceforge/cssparser/cssparser/0.9.24/cssparser-0.9.24.jar:/Users/nacer-zimu/.m2/repository/net/sourceforge/htmlunit/htmlunit/2.29/htmlunit-2.29.jar:/Users/nacer-zimu/.m2/repository/net/sourceforge/htmlunit/htmlunit-core-js/2.28/htmlunit-core-js-2.28.jar:/Users/nacer-zimu/.m2/repository/net/sourceforge/htmlunit/neko-htmlunit/2.28/neko-htmlunit-2.28.jar:/Users/nacer-zimu/.m2/repository/org/apache/httpcomponents/httpmime/4.5.3/httpmime-4.5.3.jar:/Users/nacer-zimu/.m2/repository/net/jcip/jcip-annotations/1.0/jcip-annotations-1.0.jar:/Users/nacer-zimu/.m2/repository/org/seleniumhq/selenium/jetty-repacked/9.4.7.v20171121/jetty-repacked-9.4.7.v20171121.jar:/Users/nacer-zimu/.m2/repository/org/eclipse/jetty/jetty-client/9.4.7.v20170914/jetty-client-9.4.7.v20170914.jar:/Users/nacer-zimu/.m2/repository/org/eclipse/jetty/jetty-http/9.4.8.v20171121/jetty-http-9.4.8.v20171121.jar:/Users/nacer-zimu/.m2/repository/org/eclipse/jetty/jetty-io/9.4.8.v20171121/jetty-io-9.4.8.v20171121.jar:/Users/nacer-zimu/.m2/repository/org/eclipse/jetty/jetty-util/9.4.8.v20171121/jetty-util-9.4.8.v20171121.jar:/Users/nacer-zimu/.m2/repository/org/eclipse/jetty/jetty-xml/9.4.7.v20170914/jetty-xml-9.4.7.v20170914.jar:/Users/nacer-zimu/.m2/repository/org/seleniumhq/selenium/htmlunit-driver/2.29.0/htmlunit-driver-2.29.0.jar:/Users/nacer-zimu/.m2/repository/javax/servlet/javax.servlet-api/3.1.0/javax.servlet-api-3.1.0.jar:/Users/nacer-zimu/.m2/repository/org/eclipse/jetty/websocket/websocket-api/9.4.7.v20170914/websocket-api-9.4.7.v20170914.jar:/Users/nacer-zimu/.m2/repository/org/eclipse/jetty/websocket/websocket-client/9.4.7.v20170914/websocket-client-9.4.7.v20170914.jar:/Users/nacer-zimu/.m2/repository/org/eclipse/jetty/websocket/websocket-common/9.4.7.v20170914/websocket-common-9.4.7.v20170914.jar:/Users/nacer-zimu/.m2/repository/xalan/serializer/2.7.2/serializer-2.7.2.jar:/Users/nacer-zimu/.m2/repository/xalan/xalan/2.7.2/xalan-2.7.2.jar:/Users/nacer-zimu/.m2/repository/xerces/xercesImpl/2.11.0/xercesImpl-2.11.0.jar:/Users/nacer-zimu/.m2/repository/xml-apis/xml-apis/1.4.01/xml-apis-1.4.01.jar:/Users/nacer-zimu/.m2/repository/org/yaml/snakeyaml/1.19/snakeyaml-1.19.jar:/Users/nacer-zimu/.m2/repository/org/testng/testng/6.14.3/testng-6.14.3.jar:/Users/nacer-zimu/.m2/repository/org/apache-extras/beanshell/bsh/2.0b6/bsh-2.0b6.jar:/Users/nacer-zimu/.m2/repository/org/apache/poi/poi/3.17/poi-3.17.jar:/Users/nacer-zimu/.m2/repository/org/apache/commons/commons-collections4/4.1/commons-collections4-4.1.jar:/Users/nacer-zimu/.m2/repository/org/mongodb/mongo-java-driver/3.6.0-beta1/mongo-java-driver-3.6.0-beta1.jar:/Users/nacer-zimu/.m2/repository/mysql/mysql-connector-java/6.0.6/mysql-connector-java-6.0.6.jar:/Users/nacer-zimu/.m2/repository/org/apache/maven/plugins/maven-install-plugin/2.5.2/maven-install-plugin-2.5.2.jar:/Users/nacer-zimu/.m2/repository/org/apache/maven/maven-plugin-api/2.2.1/maven-plugin-api-2.2.1.jar:/Users/nacer-zimu/.m2/repository/org/apache/maven/maven-project/2.2.1/maven-project-2.2.1.jar:/Users/nacer-zimu/.m2/repository/org/apache/maven/maven-settings/2.2.1/maven-settings-2.2.1.jar:/Users/nacer-zimu/.m2/repository/org/apache/maven/maven-profile/2.2.1/maven-profile-2.2.1.jar:/Users/nacer-zimu/.m2/repository/org/apache/maven/maven-plugin-registry/2.2.1/maven-plugin-registry-2.2.1.jar:/Users/nacer-zimu/.m2/repository/org/codehaus/plexus/plexus-interpolation/1.11/plexus-interpolation-1.11.jar:/Users/nacer-zimu/.m2/repository/org/codehaus/plexus/plexus-container-default/1.0-alpha-9-stable-1/plexus-container-default-1.0-alpha-9-stable-1.jar:/Users/nacer-zimu/.m2/repository/junit/junit/3.8.1/junit-3.8.1.jar:/Users/nacer-zimu/.m2/repository/classworlds/classworlds/1.1-alpha-2/classworlds-1.1-alpha-2.jar:/Users/nacer-zimu/.m2/repository/org/apache/maven/maven-model/2.2.1/maven-model-2.2.1.jar:/Users/nacer-zimu/.m2/repository/org/apache/maven/maven-artifact-manager/2.2.1/maven-artifact-manager-2.2.1.jar:/Users/nacer-zimu/.m2/repository/org/apache/maven/maven-repository-metadata/2.2.1/maven-repository-metadata-2.2.1.jar:/Users/nacer-zimu/.m2/repository/org/apache/maven/wagon/wagon-provider-api/1.0-beta-6/wagon-provider-api-1.0-beta-6.jar:/Users/nacer-zimu/.m2/repository/backport-util-concurrent/backport-util-concurrent/3.1/backport-util-concurrent-3.1.jar:/Users/nacer-zimu/.m2/repository/org/apache/maven/maven-artifact/2.2.1/maven-artifact-2.2.1.jar:/Users/nacer-zimu/.m2/repository/org/apache/maven/shared/maven-shared-utils/0.4/maven-shared-utils-0.4.jar:/Users/nacer-zimu/.m2/repository/org/codehaus/plexus/plexus-utils/3.0.15/plexus-utils-3.0.15.jar:/Users/nacer-zimu/.m2/repository/com/aventstack/extentreports/3.1.5/extentreports-3.1.5.jar:/Users/nacer-zimu/.m2/repository/org/freemarker/freemarker/2.3.23/freemarker-2.3.23.jar:/Users/nacer-zimu/.m2/repository/org/mongodb/mongodb-driver/3.3.0/mongodb-driver-3.3.0.jar:/Users/nacer-zimu/.m2/repository/org/mongodb/bson/3.3.0/bson-3.3.0.jar:/Users/nacer-zimu/.m2/repository/org/mongodb/mongodb-driver-core/3.3.0/mongodb-driver-core-3.3.0.jar:/Users/nacer-zimu/.m2/repository/org/jsoup/jsoup/1.9.2/jsoup-1.9.2.jar:/Users/nacer-zimu/.m2/repository/com/relevantcodes/extentreports/2.41.2/extentreports-2.41.2.jar:/Users/nacer-zimu/.m2/repository/org/xerial/sqlite-jdbc/3.8.11.1/sqlite-jdbc-3.8.11.1.jar:/Users/nacer-zimu/.m2/repository/org/apache/maven/plugins/maven-surefire-plugin/2.20.1/maven-surefire-plugin-2.20.1.jar:/Users/nacer-zimu/.m2/repository/org/apache/maven/surefire/maven-surefire-common/2.20.1/maven-surefire-common-2.20.1.jar:/Users/nacer-zimu/.m2/repository/org/apache/maven/plugin-tools/maven-plugin-annotations/3.3/maven-plugin-annotations-3.3.jar:/Users/nacer-zimu/.m2/repository/org/apache/maven/surefire/surefire-api/2.20.1/surefire-api-2.20.1.jar:/Users/nacer-zimu/.m2/repository/org/apache/maven/surefire/surefire-logger-api/2.20.1/surefire-logger-api-2.20.1.jar:/Users/nacer-zimu/.m2/repository/org/apache/maven/surefire/surefire-booter/2.20.1/surefire-booter-2.20.1.jar:/Users/nacer-zimu/.m2/repository/org/apache/maven/maven-plugin-descriptor/2.2.1/maven-plugin-descriptor-2.2.1.jar:/Users/nacer-zimu/.m2/repository/org/apache/maven/maven-core/2.2.1/maven-core-2.2.1.jar:/Users/nacer-zimu/.m2/repository/org/apache/maven/maven-plugin-parameter-documenter/2.2.1/maven-plugin-parameter-documenter-2.2.1.jar:/Users/nacer-zimu/.m2/repository/org/apache/maven/wagon/wagon-http/1.0-beta-6/wagon-http-1.0-beta-6.jar:/Users/nacer-zimu/.m2/repository/org/apache/maven/wagon/wagon-http-shared/1.0-beta-6/wagon-http-shared-1.0-beta-6.jar:/Users/nacer-zimu/.m2/repository/nekohtml/xercesMinimal/1.9.6.2/xercesMinimal-1.9.6.2.jar:/Users/nacer-zimu/.m2/repository/nekohtml/nekohtml/1.9.6.2/nekohtml-1.9.6.2.jar:/Users/nacer-zimu/.m2/repository/commons-httpclient/commons-httpclient/3.1/commons-httpclient-3.1.jar:/Users/nacer-zimu/.m2/repository/org/apache/maven/wagon/wagon-webdav-jackrabbit/1.0-beta-6/wagon-webdav-jackrabbit-1.0-beta-6.jar:/Users/nacer-zimu/.m2/repository/org/apache/jackrabbit/jackrabbit-webdav/1.5.0/jackrabbit-webdav-1.5.0.jar:/Users/nacer-zimu/.m2/repository/org/apache/jackrabbit/jackrabbit-jcr-commons/1.5.0/jackrabbit-jcr-commons-1.5.0.jar:/Users/nacer-zimu/.m2/repository/org/slf4j/slf4j-nop/1.5.3/slf4j-nop-1.5.3.jar:/Users/nacer-zimu/.m2/repository/org/slf4j/slf4j-jdk14/1.5.6/slf4j-jdk14-1.5.6.jar:/Users/nacer-zimu/.m2/repository/org/slf4j/slf4j-api/1.5.6/slf4j-api-1.5.6.jar:/Users/nacer-zimu/.m2/repository/org/slf4j/jcl-over-slf4j/1.5.6/jcl-over-slf4j-1.5.6.jar:/Users/nacer-zimu/.m2/repository/org/apache/maven/reporting/maven-reporting-api/2.2.1/maven-reporting-api-2.2.1.jar:/Users/nacer-zimu/.m2/repository/org/apache/maven/doxia/doxia-logging-api/1.1/doxia-logging-api-1.1.jar:/Users/nacer-zimu/.m2/repository/org/apache/maven/maven-error-diagnostics/2.2.1/maven-error-diagnostics-2.2.1.jar:/Users/nacer-zimu/.m2/repository/org/apache/maven/maven-monitor/2.2.1/maven-monitor-2.2.1.jar:/Users/nacer-zimu/.m2/repository/org/sonatype/plexus/plexus-sec-dispatcher/1.3/plexus-sec-dispatcher-1.3.jar:/Users/nacer-zimu/.m2/repository/org/sonatype/plexus/plexus-cipher/1.4/plexus-cipher-1.4.jar:/Users/nacer-zimu/.m2/repository/org/apache/maven/maven-toolchain/2.2.1/maven-toolchain-2.2.1.jar:/Users/nacer-zimu/.m2/repository/com/google/api-client/google-api-client/1.23.0/google-api-client-1.23.0.jar:/Users/nacer-zimu/.m2/repository/com/google/oauth-client/google-oauth-client/1.23.0/google-oauth-client-1.23.0.jar:/Users/nacer-zimu/.m2/repository/com/google/http-client/google-http-client/1.23.0/google-http-client-1.23.0.jar:/Users/nacer-zimu/.m2/repository/com/google/http-client/google-http-client-jackson2/1.23.0/google-http-client-jackson2-1.23.0.jar:/Users/nacer-zimu/.m2/repository/com/fasterxml/jackson/core/jackson-core/2.1.3/jackson-core-2.1.3.jar:/Users/nacer-zimu/.m2/repository/com/google/guava/guava-jdk5/17.0/guava-jdk5-17.0.jar:/Users/nacer-zimu/.m2/repository/com/google/oauth-client/google-oauth-client-jetty/1.23.0/google-oauth-client-jetty-1.23.0.jar:/Users/nacer-zimu/.m2/repository/com/google/oauth-client/google-oauth-client-java6/1.23.0/google-oauth-client-java6-1.23.0.jar:/Users/nacer-zimu/.m2/repository/org/mortbay/jetty/jetty/6.1.26/jetty-6.1.26.jar:/Users/nacer-zimu/.m2/repository/org/mortbay/jetty/jetty-util/6.1.26/jetty-util-6.1.26.jar:/Users/nacer-zimu/.m2/repository/org/mortbay/jetty/servlet-api/2.5-20081211/servlet-api-2.5-20081211.jar:/Users/nacer-zimu/.m2/repository/com/google/apis/google-api-services-sheets/v4-rev516-1.23.0/google-api-services-sheets-v4-rev516-1.23.0.jar:/Users/nacer-zimu/.m2/repository/io/rest-assured/rest-assured/3.1.0/rest-assured-3.1.0.jar:/Users/nacer-zimu/.m2/repository/org/codehaus/groovy/groovy/2.4.12/groovy-2.4.12.jar:/Users/nacer-zimu/.m2/repository/org/codehaus/groovy/groovy-xml/2.4.12/groovy-xml-2.4.12.jar:/Users/nacer-zimu/.m2/repository/org/hamcrest/hamcrest-core/1.3/hamcrest-core-1.3.jar:/Users/nacer-zimu/.m2/repository/org/hamcrest/hamcrest-library/1.3/hamcrest-library-1.3.jar:/Users/nacer-zimu/.m2/repository/org/ccil/cowan/tagsoup/tagsoup/1.2.1/tagsoup-1.2.1.jar:/Users/nacer-zimu/.m2/repository/io/rest-assured/json-path/3.1.0/json-path-3.1.0.jar:/Users/nacer-zimu/.m2/repository/org/codehaus/groovy/groovy-json/2.4.12/groovy-json-2.4.12.jar:/Users/nacer-zimu/.m2/repository/io/rest-assured/rest-assured-common/3.1.0/rest-assured-common-3.1.0.jar:/Users/nacer-zimu/.m2/repository/io/rest-assured/xml-path/3.1.0/xml-path-3.1.0.jar:/Users/nacer-zimu/.m2/repository/javax/xml/bind/jaxb-api/2.2.12/jaxb-api-2.2.12.jar:/Users/nacer-zimu/.m2/repository/org/apache/maven/surefire/surefire-testng-utils/2.20.1/surefire-testng-utils-2.20.1.jar:/Users/nacer-zimu/.m2/repository/org/apache/maven/surefire/surefire-grouper/2.20.1/surefire-grouper-2.20.1.jar:"/>
    <property name="java.vm.vendor" value="Oracle Corporation"/>
    <property name="sun.arch.data.model" value="64"/>
    <property name="java.vendor.url" value="http://java.oracle.com/"/>
    <property name="user.timezone" value=""/>
    <property name="java.vm.specification.version" value="1.8"/>
    <property name="os.name" value="Mac OS X"/>
    <property name="user.country" value="US"/>
    <property name="sun.java.launcher" value="SUN_STANDARD"/>
    <property name="sun.boot.library.path" value="/Library/Java/JavaVirtualMachines/jdk1.8.0_162.jdk/Contents/Home/jre/lib"/>
    <property name="sun.java.command" value="/Users/nacer-zimu/IdeaProjects/UltimateWebAutomationFramework/HBO/target/surefire/surefirebooter1099784245877461726.jar /Users/nacer-zimu/IdeaProjects/UltimateWebAutomationFramework/HBO/target/surefire 2018-05-17T16-34-25_751-jvmRun1 surefire5400337804519184479tmp surefire_03379106967194544846tmp"/>
    <property name="http.nonProxyHosts" value="local|*.local|169.254/16|*.169.254/16"/>
    <property name="surefire.test.class.path" value="/Users/nacer-zimu/IdeaProjects/UltimateWebAutomationFramework/HBO/target/test-classes:/Users/nacer-zimu/IdeaProjects/UltimateWebAutomationFramework/HBO/target/classes:/Users/nacer-zimu/IdeaProjects/UltimateWebAutomationFramework/Generic/target/Generic-1.0-SNAPSHOT.jar:/Users/nacer-zimu/.m2/repository/org/seleniumhq/selenium/selenium-java/3.11.0/selenium-java-3.11.0.jar:/Users/nacer-zimu/.m2/repository/org/seleniumhq/selenium/selenium-api/3.11.0/selenium-api-3.11.0.jar:/Users/nacer-zimu/.m2/repository/org/seleniumhq/selenium/selenium-chrome-driver/3.11.0/selenium-chrome-driver-3.11.0.jar:/Users/nacer-zimu/.m2/repository/org/seleniumhq/selenium/selenium-edge-driver/3.11.0/selenium-edge-driver-3.11.0.jar:/Users/nacer-zimu/.m2/repository/org/seleniumhq/selenium/selenium-firefox-driver/3.11.0/selenium-firefox-driver-3.11.0.jar:/Users/nacer-zimu/.m2/repository/org/seleniumhq/selenium/selenium-ie-driver/3.11.0/selenium-ie-driver-3.11.0.jar:/Users/nacer-zimu/.m2/repository/org/seleniumhq/selenium/selenium-opera-driver/3.11.0/selenium-opera-driver-3.11.0.jar:/Users/nacer-zimu/.m2/repository/org/seleniumhq/selenium/selenium-remote-driver/3.11.0/selenium-remote-driver-3.11.0.jar:/Users/nacer-zimu/.m2/repository/org/seleniumhq/selenium/selenium-safari-driver/3.11.0/selenium-safari-driver-3.11.0.jar:/Users/nacer-zimu/.m2/repository/org/seleniumhq/selenium/selenium-support/3.11.0/selenium-support-3.11.0.jar:/Users/nacer-zimu/.m2/repository/net/bytebuddy/byte-buddy/1.7.9/byte-buddy-1.7.9.jar:/Users/nacer-zimu/.m2/repository/org/apache/commons/commons-exec/1.3/commons-exec-1.3.jar:/Users/nacer-zimu/.m2/repository/commons-codec/commons-codec/1.10/commons-codec-1.10.jar:/Users/nacer-zimu/.m2/repository/commons-logging/commons-logging/1.2/commons-logging-1.2.jar:/Users/nacer-zimu/.m2/repository/com/google/code/gson/gson/2.8.2/gson-2.8.2.jar:/Users/nacer-zimu/.m2/repository/com/google/guava/guava/23.6-jre/guava-23.6-jre.jar:/Users/nacer-zimu/.m2/repository/com/google/code/findbugs/jsr305/1.3.9/jsr305-1.3.9.jar:/Users/nacer-zimu/.m2/repository/org/checkerframework/checker-compat-qual/2.0.0/checker-compat-qual-2.0.0.jar:/Users/nacer-zimu/.m2/repository/com/google/errorprone/error_prone_annotations/2.1.3/error_prone_annotations-2.1.3.jar:/Users/nacer-zimu/.m2/repository/com/google/j2objc/j2objc-annotations/1.1/j2objc-annotations-1.1.jar:/Users/nacer-zimu/.m2/repository/org/codehaus/mojo/animal-sniffer-annotations/1.14/animal-sniffer-annotations-1.14.jar:/Users/nacer-zimu/.m2/repository/org/apache/httpcomponents/httpclient/4.5.3/httpclient-4.5.3.jar:/Users/nacer-zimu/.m2/repository/org/apache/httpcomponents/httpcore/4.4.6/httpcore-4.4.6.jar:/Users/nacer-zimu/.m2/repository/com/squareup/okhttp3/okhttp/3.9.1/okhttp-3.9.1.jar:/Users/nacer-zimu/.m2/repository/com/squareup/okio/okio/1.13.0/okio-1.13.0.jar:/Users/nacer-zimu/.m2/repository/org/seleniumhq/selenium/selenium-server/3.11.0/selenium-server-3.11.0.jar:/Users/nacer-zimu/.m2/repository/com/beust/jcommander/1.72/jcommander-1.72.jar:/Users/nacer-zimu/.m2/repository/org/apache/commons/commons-lang3/3.7/commons-lang3-3.7.jar:/Users/nacer-zimu/.m2/repository/org/apache/commons/commons-text/1.1/commons-text-1.1.jar:/Users/nacer-zimu/.m2/repository/commons-io/commons-io/2.6/commons-io-2.6.jar:/Users/nacer-zimu/.m2/repository/commons-net/commons-net/3.6/commons-net-3.6.jar:/Users/nacer-zimu/.m2/repository/org/w3c/css/sac/1.3/sac-1.3.jar:/Users/nacer-zimu/.m2/repository/net/sourceforge/cssparser/cssparser/0.9.24/cssparser-0.9.24.jar:/Users/nacer-zimu/.m2/repository/net/sourceforge/htmlunit/htmlunit/2.29/htmlunit-2.29.jar:/Users/nacer-zimu/.m2/repository/net/sourceforge/htmlunit/htmlunit-core-js/2.28/htmlunit-core-js-2.28.jar:/Users/nacer-zimu/.m2/repository/net/sourceforge/htmlunit/neko-htmlunit/2.28/neko-htmlunit-2.28.jar:/Users/nacer-zimu/.m2/repository/org/apache/httpcomponents/httpmime/4.5.3/httpmime-4.5.3.jar:/Users/nacer-zimu/.m2/repository/net/jcip/jcip-annotations/1.0/jcip-annotations-1.0.jar:/Users/nacer-zimu/.m2/repository/org/seleniumhq/selenium/jetty-repacked/9.4.7.v20171121/jetty-repacked-9.4.7.v20171121.jar:/Users/nacer-zimu/.m2/repository/org/eclipse/jetty/jetty-client/9.4.7.v20170914/jetty-client-9.4.7.v20170914.jar:/Users/nacer-zimu/.m2/repository/org/eclipse/jetty/jetty-http/9.4.8.v20171121/jetty-http-9.4.8.v20171121.jar:/Users/nacer-zimu/.m2/repository/org/eclipse/jetty/jetty-io/9.4.8.v20171121/jetty-io-9.4.8.v20171121.jar:/Users/nacer-zimu/.m2/repository/org/eclipse/jetty/jetty-util/9.4.8.v20171121/jetty-util-9.4.8.v20171121.jar:/Users/nacer-zimu/.m2/repository/org/eclipse/jetty/jetty-xml/9.4.7.v20170914/jetty-xml-9.4.7.v20170914.jar:/Users/nacer-zimu/.m2/repository/org/seleniumhq/selenium/htmlunit-driver/2.29.0/htmlunit-driver-2.29.0.jar:/Users/nacer-zimu/.m2/repository/javax/servlet/javax.servlet-api/3.1.0/javax.servlet-api-3.1.0.jar:/Users/nacer-zimu/.m2/repository/org/eclipse/jetty/websocket/websocket-api/9.4.7.v20170914/websocket-api-9.4.7.v20170914.jar:/Users/nacer-zimu/.m2/repository/org/eclipse/jetty/websocket/websocket-client/9.4.7.v20170914/websocket-client-9.4.7.v20170914.jar:/Users/nacer-zimu/.m2/repository/org/eclipse/jetty/websocket/websocket-common/9.4.7.v20170914/websocket-common-9.4.7.v20170914.jar:/Users/nacer-zimu/.m2/repository/xalan/serializer/2.7.2/serializer-2.7.2.jar:/Users/nacer-zimu/.m2/repository/xalan/xalan/2.7.2/xalan-2.7.2.jar:/Users/nacer-zimu/.m2/repository/xerces/xercesImpl/2.11.0/xercesImpl-2.11.0.jar:/Users/nacer-zimu/.m2/repository/xml-apis/xml-apis/1.4.01/xml-apis-1.4.01.jar:/Users/nacer-zimu/.m2/repository/org/yaml/snakeyaml/1.19/snakeyaml-1.19.jar:/Users/nacer-zimu/.m2/repository/org/testng/testng/6.14.3/testng-6.14.3.jar:/Users/nacer-zimu/.m2/repository/org/apache-extras/beanshell/bsh/2.0b6/bsh-2.0b6.jar:/Users/nacer-zimu/.m2/repository/org/apache/poi/poi/3.17/poi-3.17.jar:/Users/nacer-zimu/.m2/repository/org/apache/commons/commons-collections4/4.1/commons-collections4-4.1.jar:/Users/nacer-zimu/.m2/repository/org/mongodb/mongo-java-driver/3.6.0-beta1/mongo-java-driver-3.6.0-beta1.jar:/Users/nacer-zimu/.m2/repository/mysql/mysql-connector-java/6.0.6/mysql-connector-java-6.0.6.jar:/Users/nacer-zimu/.m2/repository/org/apache/maven/plugins/maven-install-plugin/2.5.2/maven-install-plugin-2.5.2.jar:/Users/nacer-zimu/.m2/repository/org/apache/maven/maven-plugin-api/2.2.1/maven-plugin-api-2.2.1.jar:/Users/nacer-zimu/.m2/repository/org/apache/maven/maven-project/2.2.1/maven-project-2.2.1.jar:/Users/nacer-zimu/.m2/repository/org/apache/maven/maven-settings/2.2.1/maven-settings-2.2.1.jar:/Users/nacer-zimu/.m2/repository/org/apache/maven/maven-profile/2.2.1/maven-profile-2.2.1.jar:/Users/nacer-zimu/.m2/repository/org/apache/maven/maven-plugin-registry/2.2.1/maven-plugin-registry-2.2.1.jar:/Users/nacer-zimu/.m2/repository/org/codehaus/plexus/plexus-interpolation/1.11/plexus-interpolation-1.11.jar:/Users/nacer-zimu/.m2/repository/org/codehaus/plexus/plexus-container-default/1.0-alpha-9-stable-1/plexus-container-default-1.0-alpha-9-stable-1.jar:/Users/nacer-zimu/.m2/repository/junit/junit/3.8.1/junit-3.8.1.jar:/Users/nacer-zimu/.m2/repository/classworlds/classworlds/1.1-alpha-2/classworlds-1.1-alpha-2.jar:/Users/nacer-zimu/.m2/repository/org/apache/maven/maven-model/2.2.1/maven-model-2.2.1.jar:/Users/nacer-zimu/.m2/repository/org/apache/maven/maven-artifact-manager/2.2.1/maven-artifact-manager-2.2.1.jar:/Users/nacer-zimu/.m2/repository/org/apache/maven/maven-repository-metadata/2.2.1/maven-repository-metadata-2.2.1.jar:/Users/nacer-zimu/.m2/repository/org/apache/maven/wagon/wagon-provider-api/1.0-beta-6/wagon-provider-api-1.0-beta-6.jar:/Users/nacer-zimu/.m2/repository/backport-util-concurrent/backport-util-concurrent/3.1/backport-util-concurrent-3.1.jar:/Users/nacer-zimu/.m2/repository/org/apache/maven/maven-artifact/2.2.1/maven-artifact-2.2.1.jar:/Users/nacer-zimu/.m2/repository/org/apache/maven/shared/maven-shared-utils/0.4/maven-shared-utils-0.4.jar:/Users/nacer-zimu/.m2/repository/org/codehaus/plexus/plexus-utils/3.0.15/plexus-utils-3.0.15.jar:/Users/nacer-zimu/.m2/repository/com/aventstack/extentreports/3.1.5/extentreports-3.1.5.jar:/Users/nacer-zimu/.m2/repository/org/freemarker/freemarker/2.3.23/freemarker-2.3.23.jar:/Users/nacer-zimu/.m2/repository/org/mongodb/mongodb-driver/3.3.0/mongodb-driver-3.3.0.jar:/Users/nacer-zimu/.m2/repository/org/mongodb/bson/3.3.0/bson-3.3.0.jar:/Users/nacer-zimu/.m2/repository/org/mongodb/mongodb-driver-core/3.3.0/mongodb-driver-core-3.3.0.jar:/Users/nacer-zimu/.m2/repository/org/jsoup/jsoup/1.9.2/jsoup-1.9.2.jar:/Users/nacer-zimu/.m2/repository/com/relevantcodes/extentreports/2.41.2/extentreports-2.41.2.jar:/Users/nacer-zimu/.m2/repository/org/xerial/sqlite-jdbc/3.8.11.1/sqlite-jdbc-3.8.11.1.jar:/Users/nacer-zimu/.m2/repository/org/apache/maven/plugins/maven-surefire-plugin/2.20.1/maven-surefire-plugin-2.20.1.jar:/Users/nacer-zimu/.m2/repository/org/apache/maven/surefire/maven-surefire-common/2.20.1/maven-surefire-common-2.20.1.jar:/Users/nacer-zimu/.m2/repository/org/apache/maven/plugin-tools/maven-plugin-annotations/3.3/maven-plugin-annotations-3.3.jar:/Users/nacer-zimu/.m2/repository/org/apache/maven/surefire/surefire-api/2.20.1/surefire-api-2.20.1.jar:/Users/nacer-zimu/.m2/repository/org/apache/maven/surefire/surefire-logger-api/2.20.1/surefire-logger-api-2.20.1.jar:/Users/nacer-zimu/.m2/repository/org/apache/maven/surefire/surefire-booter/2.20.1/surefire-booter-2.20.1.jar:/Users/nacer-zimu/.m2/repository/org/apache/maven/maven-plugin-descriptor/2.2.1/maven-plugin-descriptor-2.2.1.jar:/Users/nacer-zimu/.m2/repository/org/apache/maven/maven-core/2.2.1/maven-core-2.2.1.jar:/Users/nacer-zimu/.m2/repository/org/apache/maven/maven-plugin-parameter-documenter/2.2.1/maven-plugin-parameter-documenter-2.2.1.jar:/Users/nacer-zimu/.m2/repository/org/apache/maven/wagon/wagon-http/1.0-beta-6/wagon-http-1.0-beta-6.jar:/Users/nacer-zimu/.m2/repository/org/apache/maven/wagon/wagon-http-shared/1.0-beta-6/wagon-http-shared-1.0-beta-6.jar:/Users/nacer-zimu/.m2/repository/nekohtml/xercesMinimal/1.9.6.2/xercesMinimal-1.9.6.2.jar:/Users/nacer-zimu/.m2/repository/nekohtml/nekohtml/1.9.6.2/nekohtml-1.9.6.2.jar:/Users/nacer-zimu/.m2/repository/commons-httpclient/commons-httpclient/3.1/commons-httpclient-3.1.jar:/Users/nacer-zimu/.m2/repository/org/apache/maven/wagon/wagon-webdav-jackrabbit/1.0-beta-6/wagon-webdav-jackrabbit-1.0-beta-6.jar:/Users/nacer-zimu/.m2/repository/org/apache/jackrabbit/jackrabbit-webdav/1.5.0/jackrabbit-webdav-1.5.0.jar:/Users/nacer-zimu/.m2/repository/org/apache/jackrabbit/jackrabbit-jcr-commons/1.5.0/jackrabbit-jcr-commons-1.5.0.jar:/Users/nacer-zimu/.m2/repository/org/slf4j/slf4j-nop/1.5.3/slf4j-nop-1.5.3.jar:/Users/nacer-zimu/.m2/repository/org/slf4j/slf4j-jdk14/1.5.6/slf4j-jdk14-1.5.6.jar:/Users/nacer-zimu/.m2/repository/org/slf4j/slf4j-api/1.5.6/slf4j-api-1.5.6.jar:/Users/nacer-zimu/.m2/repository/org/slf4j/jcl-over-slf4j/1.5.6/jcl-over-slf4j-1.5.6.jar:/Users/nacer-zimu/.m2/repository/org/apache/maven/reporting/maven-reporting-api/2.2.1/maven-reporting-api-2.2.1.jar:/Users/nacer-zimu/.m2/repository/org/apache/maven/doxia/doxia-logging-api/1.1/doxia-logging-api-1.1.jar:/Users/nacer-zimu/.m2/repository/org/apache/maven/maven-error-diagnostics/2.2.1/maven-error-diagnostics-2.2.1.jar:/Users/nacer-zimu/.m2/repository/org/apache/maven/maven-monitor/2.2.1/maven-monitor-2.2.1.jar:/Users/nacer-zimu/.m2/repository/org/sonatype/plexus/plexus-sec-dispatcher/1.3/plexus-sec-dispatcher-1.3.jar:/Users/nacer-zimu/.m2/repository/org/sonatype/plexus/plexus-cipher/1.4/plexus-cipher-1.4.jar:/Users/nacer-zimu/.m2/repository/org/apache/maven/maven-toolchain/2.2.1/maven-toolchain-2.2.1.jar:/Users/nacer-zimu/.m2/repository/com/google/api-client/google-api-client/1.23.0/google-api-client-1.23.0.jar:/Users/nacer-zimu/.m2/repository/com/google/oauth-client/google-oauth-client/1.23.0/google-oauth-client-1.23.0.jar:/Users/nacer-zimu/.m2/repository/com/google/http-client/google-http-client/1.23.0/google-http-client-1.23.0.jar:/Users/nacer-zimu/.m2/repository/com/google/http-client/google-http-client-jackson2/1.23.0/google-http-client-jackson2-1.23.0.jar:/Users/nacer-zimu/.m2/repository/com/fasterxml/jackson/core/jackson-core/2.1.3/jackson-core-2.1.3.jar:/Users/nacer-zimu/.m2/repository/com/google/guava/guava-jdk5/17.0/guava-jdk5-17.0.jar:/Users/nacer-zimu/.m2/repository/com/google/oauth-client/google-oauth-client-jetty/1.23.0/google-oauth-client-jetty-1.23.0.jar:/Users/nacer-zimu/.m2/repository/com/google/oauth-client/google-oauth-client-java6/1.23.0/google-oauth-client-java6-1.23.0.jar:/Users/nacer-zimu/.m2/repository/org/mortbay/jetty/jetty/6.1.26/jetty-6.1.26.jar:/Users/nacer-zimu/.m2/repository/org/mortbay/jetty/jetty-util/6.1.26/jetty-util-6.1.26.jar:/Users/nacer-zimu/.m2/repository/org/mortbay/jetty/servlet-api/2.5-20081211/servlet-api-2.5-20081211.jar:/Users/nacer-zimu/.m2/repository/com/google/apis/google-api-services-sheets/v4-rev516-1.23.0/google-api-services-sheets-v4-rev516-1.23.0.jar:/Users/nacer-zimu/.m2/repository/io/rest-assured/rest-assured/3.1.0/rest-assured-3.1.0.jar:/Users/nacer-zimu/.m2/repository/org/codehaus/groovy/groovy/2.4.12/groovy-2.4.12.jar:/Users/nacer-zimu/.m2/repository/org/codehaus/groovy/groovy-xml/2.4.12/groovy-xml-2.4.12.jar:/Users/nacer-zimu/.m2/repository/org/hamcrest/hamcrest-core/1.3/hamcrest-core-1.3.jar:/Users/nacer-zimu/.m2/repository/org/hamcrest/hamcrest-library/1.3/hamcrest-library-1.3.jar:/Users/nacer-zimu/.m2/repository/org/ccil/cowan/tagsoup/tagsoup/1.2.1/tagsoup-1.2.1.jar:/Users/nacer-zimu/.m2/repository/io/rest-assured/json-path/3.1.0/json-path-3.1.0.jar:/Users/nacer-zimu/.m2/repository/org/codehaus/groovy/groovy-json/2.4.12/groovy-json-2.4.12.jar:/Users/nacer-zimu/.m2/repository/io/rest-assured/rest-assured-common/3.1.0/rest-assured-common-3.1.0.jar:/Users/nacer-zimu/.m2/repository/io/rest-assured/xml-path/3.1.0/xml-path-3.1.0.jar:/Users/nacer-zimu/.m2/repository/javax/xml/bind/jaxb-api/2.2.12/jaxb-api-2.2.12.jar:/Users/nacer-zimu/.m2/repository/org/apache/maven/surefire/surefire-testng-utils/2.20.1/surefire-testng-utils-2.20.1.jar:/Users/nacer-zimu/.m2/repository/org/apache/maven/surefire/surefire-grouper/2.20.1/surefire-grouper-2.20.1.jar:"/>
    <property name="sun.cpu.endian" value="little"/>
    <property name="user.home" value="/Users/nacer-zimu"/>
    <property name="user.language" value="en"/>
    <property name="java.specification.vendor" value="Oracle Corporation"/>
    <property name="java.home" value="/Library/Java/JavaVirtualMachines/jdk1.8.0_162.jdk/Contents/Home/jre"/>
    <property name="basedir" value="/Users/nacer-zimu/IdeaProjects/UltimateWebAutomationFramework/HBO"/>
    <property name="file.separator" value="/"/>
    <property name="line.separator" value="&#10;"/>
    <property name="java.vm.specification.vendor" value="Oracle Corporation"/>
    <property name="java.specification.name" value="Java Platform API Specification"/>
    <property name="java.awt.graphicsenv" value="sun.awt.CGraphicsEnvironment"/>
    <property name="surefire.real.class.path" value="/Users/nacer-zimu/IdeaProjects/UltimateWebAutomationFramework/HBO/target/surefire/surefirebooter1099784245877461726.jar"/>
    <property name="sun.boot.class.path" value="/Library/Java/JavaVirtualMachines/jdk1.8.0_162.jdk/Contents/Home/jre/lib/resources.jar:/Library/Java/JavaVirtualMachines/jdk1.8.0_162.jdk/Contents/Home/jre/lib/rt.jar:/Library/Java/JavaVirtualMachines/jdk1.8.0_162.jdk/Contents/Home/jre/lib/sunrsasign.jar:/Library/Java/JavaVirtualMachines/jdk1.8.0_162.jdk/Contents/Home/jre/lib/jsse.jar:/Library/Java/JavaVirtualMachines/jdk1.8.0_162.jdk/Contents/Home/jre/lib/jce.jar:/Library/Java/JavaVirtualMachines/jdk1.8.0_162.jdk/Contents/Home/jre/lib/charsets.jar:/Library/Java/JavaVirtualMachines/jdk1.8.0_162.jdk/Contents/Home/jre/lib/jfr.jar:/Library/Java/JavaVirtualMachines/jdk1.8.0_162.jdk/Contents/Home/jre/classes"/>
    <property name="sun.management.compiler" value="HotSpot 64-Bit Tiered Compilers"/>
    <property name="ftp.nonProxyHosts" value="local|*.local|169.254/16|*.169.254/16"/>
    <property name="java.runtime.version" value="1.8.0_162-b12"/>
    <property name="user.name" value="nacer-zimu"/>
    <property name="path.separator" value=":"/>
    <property name="os.version" value="10.13.4"/>
    <property name="java.endorsed.dirs" value="/Library/Java/JavaVirtualMachines/jdk1.8.0_162.jdk/Contents/Home/jre/lib/endorsed"/>
    <property name="java.runtime.name" value="Java(TM) SE Runtime Environment"/>
    <property name="file.encoding" value="UTF-8"/>
    <property name="java.vm.name" value="Java HotSpot(TM) 64-Bit Server VM"/>
    <property name="localRepository" value="/Users/nacer-zimu/.m2/repository"/>
    <property name="java.vendor.url.bug" value="http://bugreport.sun.com/bugreport/"/>
    <property name="java.io.tmpdir" value="/var/folders/84/j71cjxl51nbdxz6qgcdhn7qc0000gn/T/"/>
    <property name="idea.version" value="2017.3.5"/>
    <property name="java.version" value="1.8.0_162"/>
    <property name="user.dir" value="/Users/nacer-zimu/IdeaProjects/UltimateWebAutomationFramework/HBO"/>
    <property name="os.arch" value="x86_64"/>
    <property name="java.vm.specification.name" value="Java Virtual Machine Specification"/>
    <property name="java.awt.printerjob" value="sun.lwawt.macosx.CPrinterJob"/>
    <property name="sun.os.patch.level" value="unknown"/>
    <property name="java.library.path" value="/Users/nacer-zimu/Library/Java/Extensions:/Library/Java/Extensions:/Network/Library/Java/Extensions:/System/Library/Java/Extensions:/usr/lib/java:."/>
    <property name="java.vm.info" value="mixed mode"/>
    <property name="java.vendor" value="Oracle Corporation"/>
    <property name="java.vm.version" value="25.162-b12"/>
    <property name="java.ext.dirs" value="/Users/nacer-zimu/Library/Java/Extensions:/Library/Java/JavaVirtualMachines/jdk1.8.0_162.jdk/Contents/Home/jre/lib/ext:/Library/Java/Extensions:/Network/Library/Java/Extensions:/System/Library/Java/Extensions:/usr/lib/java"/>
    <property name="sun.io.unicode.encoding" value="UnicodeBig"/>
    <property name="java.class.version" value="52.0"/>
    <property name="socksNonProxyHosts" value="local|*.local|169.254/16|*.169.254/16"/>
  </properties>
  <testcase name="testBoxing" classname="testclickonelement.TestClickOnElement" time="1.445"/>
  <testcase name="testKis" classname="testclickonelement.TestClickOnElement" time="2.01"/>
  <testcase name="testMovies" classname="testclickonelement.TestClickOnElement" time="1.523"/>
  <testcase name="testSeries" classname="testclickonelement.TestClickOnElement" time="0.035"/>
  <testcase name="testSpecials" classname="testclickonelement.TestClickOnElement" time="1.465"/>
</testsuite>