<?xml version="1.0" encoding="UTF-8"?>
<!-- Generated by org.testng.reporters.JUnitReportReporter -->
<testsuite skipped="0" hostname="Nacers-MacBook-Pro.local" name="testsearch.TestSearch" tests="2" failures="0" timestamp="28 Apr 2018 19:43:25 GMT" time="19.641" errors="0">
  <testcase name="manyElemets" time="11.910" classname="testsearch.TestSearch"/>
  <testcase name="oneElement" time="7.731" classname="testsearch.TestSearch"/>
</testsuite> <!-- testsearch.TestSearch -->
