<?xml version="1.0" encoding="UTF-8"?>
<!-- Generated by org.testng.reporters.JUnitReportReporter -->
<testsuite skipped="0" hostname="Nacers-MacBook-Pro.local" name="testclickonelement.TestClickOnElement" tests="5" failures="0" timestamp="17 May 2018 20:34:55 GMT" time="28.523" errors="0">
  <testcase name="testKis" time="6.227" classname="testclickonelement.TestClickOnElement"/>
  <testcase name="testMovies" time="6.097" classname="testclickonelement.TestClickOnElement"/>
  <testcase name="testBoxing" time="5.252" classname="testclickonelement.TestClickOnElement"/>
  <testcase name="testSpecials" time="6.647" classname="testclickonelement.TestClickOnElement"/>
  <testcase name="testSeries" time="4.300" classname="testclickonelement.TestClickOnElement"/>
</testsuite> <!-- testclickonelement.TestClickOnElement -->
